Copyright 1986-2020 Xilinx, Inc. All Rights Reserved.
--------------------------------------------------------------------------------------------------------------------------------------------------------------------------------------------------------------
| Tool Version : Vivado v.2020.1 (win64) Build 2902540 Wed May 27 19:54:49 MDT 2020
| Date         : Sat Oct  9 13:51:50 2021
| Host         : LAPTOP-UB7273AV running 64-bit major release  (build 9200)
| Command      : report_timing_summary -max_paths 10 -file BCD_7_Segment_timing_summary_routed.rpt -pb BCD_7_Segment_timing_summary_routed.pb -rpx BCD_7_Segment_timing_summary_routed.rpx -warn_on_violation
| Design       : BCD_7_Segment
| Device       : 7a35t-cpg236
| Speed File   : -1  PRODUCTION 1.23 2018-06-13
--------------------------------------------------------------------------------------------------------------------------------------------------------------------------------------------------------------

Timing Summary Report

------------------------------------------------------------------------------------------------
| Timer Settings
| --------------
------------------------------------------------------------------------------------------------

  Enable Multi Corner Analysis               :  Yes
  Enable Pessimism Removal                   :  Yes
  Pessimism Removal Resolution               :  Nearest Common Node
  Enable Input Delay Default Clock           :  No
  Enable Preset / Clear Arcs                 :  No
  Disable Flight Delays                      :  No
  Ignore I/O Paths                           :  No
  Timing Early Launch at Borrowing Latches   :  No
  Borrow Time for Max Delay Exceptions       :  Yes
  Merge Timing Exceptions                    :  Yes

  Corner  Analyze    Analyze    
  Name    Max Paths  Min Paths  
  ------  ---------  ---------  
  Slow    Yes        Yes        
  Fast    Yes        Yes        



check_timing report

Table of Contents
-----------------
1. checking no_clock (0)
2. checking constant_clock (0)
3. checking pulse_width_clock (0)
4. checking unconstrained_internal_endpoints (0)
5. checking no_input_delay (0)
6. checking no_output_delay (6)
7. checking multiple_clock (0)
8. checking generated_clocks (0)
9. checking loops (0)
10. checking partial_input_delay (0)
11. checking partial_output_delay (0)
12. checking latch_loops (0)

1. checking no_clock (0)
------------------------
 There are 0 register/latch pins with no clock.


2. checking constant_clock (0)
------------------------------
 There are 0 register/latch pins with constant_clock.


3. checking pulse_width_clock (0)
---------------------------------
 There are 0 register/latch pins which need pulse_width check


4. checking unconstrained_internal_endpoints (0)
------------------------------------------------
 There are 0 pins that are not constrained for maximum delay.

 There are 0 pins that are not constrained for maximum delay due to constant clock.


5. checking no_input_delay (0)
------------------------------
 There are 0 input ports with no input delay specified.

 There are 0 input ports with no input delay but user has a false path constraint.


6. checking no_output_delay (6)
-------------------------------
 There are 6 ports with no output delay specified. (HIGH)

 There are 0 ports with no output delay but user has a false path constraint

 There are 0 ports with no output delay but with a timing clock defined on it or propagating through it


7. checking multiple_clock (0)
------------------------------
 There are 0 register/latch pins with multiple clocks.


8. checking generated_clocks (0)
--------------------------------
 There are 0 generated clocks that are not connected to a clock source.


9. checking loops (0)
---------------------
 There are 0 combinational loops in the design.


10. checking partial_input_delay (0)
------------------------------------
 There are 0 input ports with partial input delay specified.


11. checking partial_output_delay (0)
-------------------------------------
 There are 0 ports with partial output delay specified.


12. checking latch_loops (0)
----------------------------
 There are 0 combinational latch loops in the design through latch input



------------------------------------------------------------------------------------------------
| Design Timing Summary
| ---------------------
------------------------------------------------------------------------------------------------

    WNS(ns)      TNS(ns)  TNS Failing Endpoints  TNS Total Endpoints      WHS(ns)      THS(ns)  THS Failing Endpoints  THS Total Endpoints     WPWS(ns)     TPWS(ns)  TPWS Failing Endpoints  TPWS Total Endpoints  
    -------      -------  ---------------------  -------------------      -------      -------  ---------------------  -------------------     --------     --------  ----------------------  --------------------  
      5.754        0.000                      0                   78        0.263        0.000                      0                   78        4.500        0.000                       0                    42  


All user specified timing constraints are met.


------------------------------------------------------------------------------------------------
| Clock Summary
| -------------
------------------------------------------------------------------------------------------------

Clock        Waveform(ns)       Period(ns)      Frequency(MHz)
-----        ------------       ----------      --------------
sys_clk_pin  {0.000 5.000}      10.000          100.000         


------------------------------------------------------------------------------------------------
| Intra Clock Table
| -----------------
------------------------------------------------------------------------------------------------

Clock             WNS(ns)      TNS(ns)  TNS Failing Endpoints  TNS Total Endpoints      WHS(ns)      THS(ns)  THS Failing Endpoints  THS Total Endpoints     WPWS(ns)     TPWS(ns)  TPWS Failing Endpoints  TPWS Total Endpoints  
-----             -------      -------  ---------------------  -------------------      -------      -------  ---------------------  -------------------     --------     --------  ----------------------  --------------------  
sys_clk_pin         5.754        0.000                      0                   78        0.263        0.000                      0                   78        4.500        0.000                       0                    42  


------------------------------------------------------------------------------------------------
| Inter Clock Table
| -----------------
------------------------------------------------------------------------------------------------

From Clock    To Clock          WNS(ns)      TNS(ns)  TNS Failing Endpoints  TNS Total Endpoints      WHS(ns)      THS(ns)  THS Failing Endpoints  THS Total Endpoints  
----------    --------          -------      -------  ---------------------  -------------------      -------      -------  ---------------------  -------------------  


------------------------------------------------------------------------------------------------
| Other Path Groups Table
| -----------------------
------------------------------------------------------------------------------------------------

Path Group    From Clock    To Clock          WNS(ns)      TNS(ns)  TNS Failing Endpoints  TNS Total Endpoints      WHS(ns)      THS(ns)  THS Failing Endpoints  THS Total Endpoints  
----------    ----------    --------          -------      -------  ---------------------  -------------------      -------      -------  ---------------------  -------------------  


------------------------------------------------------------------------------------------------
| Timing Details
| --------------
------------------------------------------------------------------------------------------------


---------------------------------------------------------------------------------------------------
From Clock:  sys_clk_pin
  To Clock:  sys_clk_pin

Setup :            0  Failing Endpoints,  Worst Slack        5.754ns,  Total Violation        0.000ns
Hold  :            0  Failing Endpoints,  Worst Slack        0.263ns,  Total Violation        0.000ns
PW    :            0  Failing Endpoints,  Worst Slack        4.500ns,  Total Violation        0.000ns
---------------------------------------------------------------------------------------------------


Max Delay Paths
--------------------------------------------------------------------------------------
Slack (MET) :             5.754ns  (required time - arrival time)
  Source:                 saniye_1/cnt_reg[24]/C
                            (rising edge-triggered cell FDRE clocked by sys_clk_pin  {rise@0.000ns fall@5.000ns period=10.000ns})
  Destination:            saniye_1/cnt_reg[25]/R
                            (rising edge-triggered cell FDRE clocked by sys_clk_pin  {rise@0.000ns fall@5.000ns period=10.000ns})
  Path Group:             sys_clk_pin
  Path Type:              Setup (Max at Slow Process Corner)
  Requirement:            10.000ns  (sys_clk_pin rise@10.000ns - sys_clk_pin rise@0.000ns)
  Data Path Delay:        3.759ns  (logic 0.828ns (22.030%)  route 2.931ns (77.970%))
  Logic Levels:           3  (LUT4=2 LUT6=1)
  Clock Path Skew:        -0.023ns (DCD - SCD + CPR)
    Destination Clock Delay (DCD):    4.845ns = ( 14.845 - 10.000 ) 
    Source Clock Delay      (SCD):    5.142ns
    Clock Pessimism Removal (CPR):    0.274ns
  Clock Uncertainty:      0.035ns  ((TSJ^2 + TIJ^2)^1/2 + DJ) / 2 + PE
    Total System Jitter     (TSJ):    0.071ns
    Total Input Jitter      (TIJ):    0.000ns
    Discrete Jitter          (DJ):    0.000ns
    Phase Error              (PE):    0.000ns

    Location             Delay type                Incr(ns)  Path(ns)    Netlist Resource(s)
  -------------------------------------------------------------------    -------------------
                         (clock sys_clk_pin rise edge)
                                                      0.000     0.000 r  
    W5                                                0.000     0.000 r  CLK (IN)
                         net (fo=0)                   0.000     0.000    CLK
    W5                   IBUF (Prop_ibuf_I_O)         1.458     1.458 r  CLK_IBUF_inst/O
                         net (fo=1, routed)           1.967     3.425    CLK_IBUF
    BUFGCTRL_X0Y0        BUFG (Prop_bufg_I_O)         0.096     3.521 r  CLK_IBUF_BUFG_inst/O
                         net (fo=41, routed)          1.621     5.142    saniye_1/CLK_IBUF_BUFG
    SLICE_X65Y22         FDRE                                         r  saniye_1/cnt_reg[24]/C
  -------------------------------------------------------------------    -------------------
    SLICE_X65Y22         FDRE (Prop_fdre_C_Q)         0.456     5.598 r  saniye_1/cnt_reg[24]/Q
                         net (fo=2, routed)           0.684     6.282    saniye_1/cnt_reg_n_0_[24]
    SLICE_X64Y22         LUT4 (Prop_lut4_I2_O)        0.124     6.406 f  saniye_1/cnt[31]_i_5/O
                         net (fo=1, routed)           0.452     6.858    saniye_1/cnt[31]_i_5_n_0
    SLICE_X64Y22         LUT6 (Prop_lut6_I0_O)        0.124     6.982 f  saniye_1/cnt[31]_i_2/O
                         net (fo=2, routed)           0.968     7.950    saniye_1/cnt[31]_i_2_n_0
    SLICE_X64Y18         LUT4 (Prop_lut4_I0_O)        0.124     8.074 r  saniye_1/cnt[31]_i_1/O
                         net (fo=32, routed)          0.827     8.901    saniye_1/cnt[31]_i_1_n_0
    SLICE_X65Y23         FDRE                                         r  saniye_1/cnt_reg[25]/R
  -------------------------------------------------------------------    -------------------

                         (clock sys_clk_pin rise edge)
                                                     10.000    10.000 r  
    W5                                                0.000    10.000 r  CLK (IN)
                         net (fo=0)                   0.000    10.000    CLK
    W5                   IBUF (Prop_ibuf_I_O)         1.388    11.388 r  CLK_IBUF_inst/O
                         net (fo=1, routed)           1.862    13.250    CLK_IBUF
    BUFGCTRL_X0Y0        BUFG (Prop_bufg_I_O)         0.091    13.341 r  CLK_IBUF_BUFG_inst/O
                         net (fo=41, routed)          1.504    14.845    saniye_1/CLK_IBUF_BUFG
    SLICE_X65Y23         FDRE                                         r  saniye_1/cnt_reg[25]/C
                         clock pessimism              0.274    15.119    
                         clock uncertainty           -0.035    15.084    
    SLICE_X65Y23         FDRE (Setup_fdre_C_R)       -0.429    14.655    saniye_1/cnt_reg[25]
  -------------------------------------------------------------------
                         required time                         14.655    
                         arrival time                          -8.901    
  -------------------------------------------------------------------
                         slack                                  5.754    

Slack (MET) :             5.754ns  (required time - arrival time)
  Source:                 saniye_1/cnt_reg[24]/C
                            (rising edge-triggered cell FDRE clocked by sys_clk_pin  {rise@0.000ns fall@5.000ns period=10.000ns})
  Destination:            saniye_1/cnt_reg[26]/R
                            (rising edge-triggered cell FDRE clocked by sys_clk_pin  {rise@0.000ns fall@5.000ns period=10.000ns})
  Path Group:             sys_clk_pin
  Path Type:              Setup (Max at Slow Process Corner)
  Requirement:            10.000ns  (sys_clk_pin rise@10.000ns - sys_clk_pin rise@0.000ns)
  Data Path Delay:        3.759ns  (logic 0.828ns (22.030%)  route 2.931ns (77.970%))
  Logic Levels:           3  (LUT4=2 LUT6=1)
  Clock Path Skew:        -0.023ns (DCD - SCD + CPR)
    Destination Clock Delay (DCD):    4.845ns = ( 14.845 - 10.000 ) 
    Source Clock Delay      (SCD):    5.142ns
    Clock Pessimism Removal (CPR):    0.274ns
  Clock Uncertainty:      0.035ns  ((TSJ^2 + TIJ^2)^1/2 + DJ) / 2 + PE
    Total System Jitter     (TSJ):    0.071ns
    Total Input Jitter      (TIJ):    0.000ns
    Discrete Jitter          (DJ):    0.000ns
    Phase Error              (PE):    0.000ns

    Location             Delay type                Incr(ns)  Path(ns)    Netlist Resource(s)
  -------------------------------------------------------------------    -------------------
                         (clock sys_clk_pin rise edge)
                                                      0.000     0.000 r  
    W5                                                0.000     0.000 r  CLK (IN)
                         net (fo=0)                   0.000     0.000    CLK
    W5                   IBUF (Prop_ibuf_I_O)         1.458     1.458 r  CLK_IBUF_inst/O
                         net (fo=1, routed)           1.967     3.425    CLK_IBUF
    BUFGCTRL_X0Y0        BUFG (Prop_bufg_I_O)         0.096     3.521 r  CLK_IBUF_BUFG_inst/O
                         net (fo=41, routed)          1.621     5.142    saniye_1/CLK_IBUF_BUFG
    SLICE_X65Y22         FDRE                                         r  saniye_1/cnt_reg[24]/C
  -------------------------------------------------------------------    -------------------
    SLICE_X65Y22         FDRE (Prop_fdre_C_Q)         0.456     5.598 r  saniye_1/cnt_reg[24]/Q
                         net (fo=2, routed)           0.684     6.282    saniye_1/cnt_reg_n_0_[24]
    SLICE_X64Y22         LUT4 (Prop_lut4_I2_O)        0.124     6.406 f  saniye_1/cnt[31]_i_5/O
                         net (fo=1, routed)           0.452     6.858    saniye_1/cnt[31]_i_5_n_0
    SLICE_X64Y22         LUT6 (Prop_lut6_I0_O)        0.124     6.982 f  saniye_1/cnt[31]_i_2/O
                         net (fo=2, routed)           0.968     7.950    saniye_1/cnt[31]_i_2_n_0
    SLICE_X64Y18         LUT4 (Prop_lut4_I0_O)        0.124     8.074 r  saniye_1/cnt[31]_i_1/O
                         net (fo=32, routed)          0.827     8.901    saniye_1/cnt[31]_i_1_n_0
    SLICE_X65Y23         FDRE                                         r  saniye_1/cnt_reg[26]/R
  -------------------------------------------------------------------    -------------------

                         (clock sys_clk_pin rise edge)
                                                     10.000    10.000 r  
    W5                                                0.000    10.000 r  CLK (IN)
                         net (fo=0)                   0.000    10.000    CLK
    W5                   IBUF (Prop_ibuf_I_O)         1.388    11.388 r  CLK_IBUF_inst/O
                         net (fo=1, routed)           1.862    13.250    CLK_IBUF
    BUFGCTRL_X0Y0        BUFG (Prop_bufg_I_O)         0.091    13.341 r  CLK_IBUF_BUFG_inst/O
                         net (fo=41, routed)          1.504    14.845    saniye_1/CLK_IBUF_BUFG
    SLICE_X65Y23         FDRE                                         r  saniye_1/cnt_reg[26]/C
                         clock pessimism              0.274    15.119    
                         clock uncertainty           -0.035    15.084    
    SLICE_X65Y23         FDRE (Setup_fdre_C_R)       -0.429    14.655    saniye_1/cnt_reg[26]
  -------------------------------------------------------------------
                         required time                         14.655    
                         arrival time                          -8.901    
  -------------------------------------------------------------------
                         slack                                  5.754    

Slack (MET) :             5.754ns  (required time - arrival time)
  Source:                 saniye_1/cnt_reg[24]/C
                            (rising edge-triggered cell FDRE clocked by sys_clk_pin  {rise@0.000ns fall@5.000ns period=10.000ns})
  Destination:            saniye_1/cnt_reg[27]/R
                            (rising edge-triggered cell FDRE clocked by sys_clk_pin  {rise@0.000ns fall@5.000ns period=10.000ns})
  Path Group:             sys_clk_pin
  Path Type:              Setup (Max at Slow Process Corner)
  Requirement:            10.000ns  (sys_clk_pin rise@10.000ns - sys_clk_pin rise@0.000ns)
  Data Path Delay:        3.759ns  (logic 0.828ns (22.030%)  route 2.931ns (77.970%))
  Logic Levels:           3  (LUT4=2 LUT6=1)
  Clock Path Skew:        -0.023ns (DCD - SCD + CPR)
    Destination Clock Delay (DCD):    4.845ns = ( 14.845 - 10.000 ) 
    Source Clock Delay      (SCD):    5.142ns
    Clock Pessimism Removal (CPR):    0.274ns
  Clock Uncertainty:      0.035ns  ((TSJ^2 + TIJ^2)^1/2 + DJ) / 2 + PE
    Total System Jitter     (TSJ):    0.071ns
    Total Input Jitter      (TIJ):    0.000ns
    Discrete Jitter          (DJ):    0.000ns
    Phase Error              (PE):    0.000ns

    Location             Delay type                Incr(ns)  Path(ns)    Netlist Resource(s)
  -------------------------------------------------------------------    -------------------
                         (clock sys_clk_pin rise edge)
                                                      0.000     0.000 r  
    W5                                                0.000     0.000 r  CLK (IN)
                         net (fo=0)                   0.000     0.000    CLK
    W5                   IBUF (Prop_ibuf_I_O)         1.458     1.458 r  CLK_IBUF_inst/O
                         net (fo=1, routed)           1.967     3.425    CLK_IBUF
    BUFGCTRL_X0Y0        BUFG (Prop_bufg_I_O)         0.096     3.521 r  CLK_IBUF_BUFG_inst/O
                         net (fo=41, routed)          1.621     5.142    saniye_1/CLK_IBUF_BUFG
    SLICE_X65Y22         FDRE                                         r  saniye_1/cnt_reg[24]/C
  -------------------------------------------------------------------    -------------------
    SLICE_X65Y22         FDRE (Prop_fdre_C_Q)         0.456     5.598 r  saniye_1/cnt_reg[24]/Q
                         net (fo=2, routed)           0.684     6.282    saniye_1/cnt_reg_n_0_[24]
    SLICE_X64Y22         LUT4 (Prop_lut4_I2_O)        0.124     6.406 f  saniye_1/cnt[31]_i_5/O
                         net (fo=1, routed)           0.452     6.858    saniye_1/cnt[31]_i_5_n_0
    SLICE_X64Y22         LUT6 (Prop_lut6_I0_O)        0.124     6.982 f  saniye_1/cnt[31]_i_2/O
                         net (fo=2, routed)           0.968     7.950    saniye_1/cnt[31]_i_2_n_0
    SLICE_X64Y18         LUT4 (Prop_lut4_I0_O)        0.124     8.074 r  saniye_1/cnt[31]_i_1/O
                         net (fo=32, routed)          0.827     8.901    saniye_1/cnt[31]_i_1_n_0
    SLICE_X65Y23         FDRE                                         r  saniye_1/cnt_reg[27]/R
  -------------------------------------------------------------------    -------------------

                         (clock sys_clk_pin rise edge)
                                                     10.000    10.000 r  
    W5                                                0.000    10.000 r  CLK (IN)
                         net (fo=0)                   0.000    10.000    CLK
    W5                   IBUF (Prop_ibuf_I_O)         1.388    11.388 r  CLK_IBUF_inst/O
                         net (fo=1, routed)           1.862    13.250    CLK_IBUF
    BUFGCTRL_X0Y0        BUFG (Prop_bufg_I_O)         0.091    13.341 r  CLK_IBUF_BUFG_inst/O
                         net (fo=41, routed)          1.504    14.845    saniye_1/CLK_IBUF_BUFG
    SLICE_X65Y23         FDRE                                         r  saniye_1/cnt_reg[27]/C
                         clock pessimism              0.274    15.119    
                         clock uncertainty           -0.035    15.084    
    SLICE_X65Y23         FDRE (Setup_fdre_C_R)       -0.429    14.655    saniye_1/cnt_reg[27]
  -------------------------------------------------------------------
                         required time                         14.655    
                         arrival time                          -8.901    
  -------------------------------------------------------------------
                         slack                                  5.754    

Slack (MET) :             5.754ns  (required time - arrival time)
  Source:                 saniye_1/cnt_reg[24]/C
                            (rising edge-triggered cell FDRE clocked by sys_clk_pin  {rise@0.000ns fall@5.000ns period=10.000ns})
  Destination:            saniye_1/cnt_reg[28]/R
                            (rising edge-triggered cell FDRE clocked by sys_clk_pin  {rise@0.000ns fall@5.000ns period=10.000ns})
  Path Group:             sys_clk_pin
  Path Type:              Setup (Max at Slow Process Corner)
  Requirement:            10.000ns  (sys_clk_pin rise@10.000ns - sys_clk_pin rise@0.000ns)
  Data Path Delay:        3.759ns  (logic 0.828ns (22.030%)  route 2.931ns (77.970%))
  Logic Levels:           3  (LUT4=2 LUT6=1)
  Clock Path Skew:        -0.023ns (DCD - SCD + CPR)
    Destination Clock Delay (DCD):    4.845ns = ( 14.845 - 10.000 ) 
    Source Clock Delay      (SCD):    5.142ns
    Clock Pessimism Removal (CPR):    0.274ns
  Clock Uncertainty:      0.035ns  ((TSJ^2 + TIJ^2)^1/2 + DJ) / 2 + PE
    Total System Jitter     (TSJ):    0.071ns
    Total Input Jitter      (TIJ):    0.000ns
    Discrete Jitter          (DJ):    0.000ns
    Phase Error              (PE):    0.000ns

    Location             Delay type                Incr(ns)  Path(ns)    Netlist Resource(s)
  -------------------------------------------------------------------    -------------------
                         (clock sys_clk_pin rise edge)
                                                      0.000     0.000 r  
    W5                                                0.000     0.000 r  CLK (IN)
                         net (fo=0)                   0.000     0.000    CLK
    W5                   IBUF (Prop_ibuf_I_O)         1.458     1.458 r  CLK_IBUF_inst/O
                         net (fo=1, routed)           1.967     3.425    CLK_IBUF
    BUFGCTRL_X0Y0        BUFG (Prop_bufg_I_O)         0.096     3.521 r  CLK_IBUF_BUFG_inst/O
                         net (fo=41, routed)          1.621     5.142    saniye_1/CLK_IBUF_BUFG
    SLICE_X65Y22         FDRE                                         r  saniye_1/cnt_reg[24]/C
  -------------------------------------------------------------------    -------------------
    SLICE_X65Y22         FDRE (Prop_fdre_C_Q)         0.456     5.598 r  saniye_1/cnt_reg[24]/Q
                         net (fo=2, routed)           0.684     6.282    saniye_1/cnt_reg_n_0_[24]
    SLICE_X64Y22         LUT4 (Prop_lut4_I2_O)        0.124     6.406 f  saniye_1/cnt[31]_i_5/O
                         net (fo=1, routed)           0.452     6.858    saniye_1/cnt[31]_i_5_n_0
    SLICE_X64Y22         LUT6 (Prop_lut6_I0_O)        0.124     6.982 f  saniye_1/cnt[31]_i_2/O
                         net (fo=2, routed)           0.968     7.950    saniye_1/cnt[31]_i_2_n_0
    SLICE_X64Y18         LUT4 (Prop_lut4_I0_O)        0.124     8.074 r  saniye_1/cnt[31]_i_1/O
                         net (fo=32, routed)          0.827     8.901    saniye_1/cnt[31]_i_1_n_0
    SLICE_X65Y23         FDRE                                         r  saniye_1/cnt_reg[28]/R
  -------------------------------------------------------------------    -------------------

                         (clock sys_clk_pin rise edge)
                                                     10.000    10.000 r  
    W5                                                0.000    10.000 r  CLK (IN)
                         net (fo=0)                   0.000    10.000    CLK
    W5                   IBUF (Prop_ibuf_I_O)         1.388    11.388 r  CLK_IBUF_inst/O
                         net (fo=1, routed)           1.862    13.250    CLK_IBUF
    BUFGCTRL_X0Y0        BUFG (Prop_bufg_I_O)         0.091    13.341 r  CLK_IBUF_BUFG_inst/O
                         net (fo=41, routed)          1.504    14.845    saniye_1/CLK_IBUF_BUFG
    SLICE_X65Y23         FDRE                                         r  saniye_1/cnt_reg[28]/C
                         clock pessimism              0.274    15.119    
                         clock uncertainty           -0.035    15.084    
    SLICE_X65Y23         FDRE (Setup_fdre_C_R)       -0.429    14.655    saniye_1/cnt_reg[28]
  -------------------------------------------------------------------
                         required time                         14.655    
                         arrival time                          -8.901    
  -------------------------------------------------------------------
                         slack                                  5.754    

Slack (MET) :             5.772ns  (required time - arrival time)
  Source:                 saniye_1/cnt_reg[24]/C
                            (rising edge-triggered cell FDRE clocked by sys_clk_pin  {rise@0.000ns fall@5.000ns period=10.000ns})
  Destination:            saniye_1/cnt_reg[21]/R
                            (rising edge-triggered cell FDRE clocked by sys_clk_pin  {rise@0.000ns fall@5.000ns period=10.000ns})
  Path Group:             sys_clk_pin
  Path Type:              Setup (Max at Slow Process Corner)
  Requirement:            10.000ns  (sys_clk_pin rise@10.000ns - sys_clk_pin rise@0.000ns)
  Data Path Delay:        3.764ns  (logic 0.828ns (21.999%)  route 2.936ns (78.001%))
  Logic Levels:           3  (LUT4=2 LUT6=1)
  Clock Path Skew:        0.000ns (DCD - SCD + CPR)
    Destination Clock Delay (DCD):    4.846ns = ( 14.846 - 10.000 ) 
    Source Clock Delay      (SCD):    5.142ns
    Clock Pessimism Removal (CPR):    0.296ns
  Clock Uncertainty:      0.035ns  ((TSJ^2 + TIJ^2)^1/2 + DJ) / 2 + PE
    Total System Jitter     (TSJ):    0.071ns
    Total Input Jitter      (TIJ):    0.000ns
    Discrete Jitter          (DJ):    0.000ns
    Phase Error              (PE):    0.000ns

    Location             Delay type                Incr(ns)  Path(ns)    Netlist Resource(s)
  -------------------------------------------------------------------    -------------------
                         (clock sys_clk_pin rise edge)
                                                      0.000     0.000 r  
    W5                                                0.000     0.000 r  CLK (IN)
                         net (fo=0)                   0.000     0.000    CLK
    W5                   IBUF (Prop_ibuf_I_O)         1.458     1.458 r  CLK_IBUF_inst/O
                         net (fo=1, routed)           1.967     3.425    CLK_IBUF
    BUFGCTRL_X0Y0        BUFG (Prop_bufg_I_O)         0.096     3.521 r  CLK_IBUF_BUFG_inst/O
                         net (fo=41, routed)          1.621     5.142    saniye_1/CLK_IBUF_BUFG
    SLICE_X65Y22         FDRE                                         r  saniye_1/cnt_reg[24]/C
  -------------------------------------------------------------------    -------------------
    SLICE_X65Y22         FDRE (Prop_fdre_C_Q)         0.456     5.598 r  saniye_1/cnt_reg[24]/Q
                         net (fo=2, routed)           0.684     6.282    saniye_1/cnt_reg_n_0_[24]
    SLICE_X64Y22         LUT4 (Prop_lut4_I2_O)        0.124     6.406 f  saniye_1/cnt[31]_i_5/O
                         net (fo=1, routed)           0.452     6.858    saniye_1/cnt[31]_i_5_n_0
    SLICE_X64Y22         LUT6 (Prop_lut6_I0_O)        0.124     6.982 f  saniye_1/cnt[31]_i_2/O
                         net (fo=2, routed)           0.968     7.950    saniye_1/cnt[31]_i_2_n_0
    SLICE_X64Y18         LUT4 (Prop_lut4_I0_O)        0.124     8.074 r  saniye_1/cnt[31]_i_1/O
                         net (fo=32, routed)          0.832     8.906    saniye_1/cnt[31]_i_1_n_0
    SLICE_X65Y22         FDRE                                         r  saniye_1/cnt_reg[21]/R
  -------------------------------------------------------------------    -------------------

                         (clock sys_clk_pin rise edge)
                                                     10.000    10.000 r  
    W5                                                0.000    10.000 r  CLK (IN)
                         net (fo=0)                   0.000    10.000    CLK
    W5                   IBUF (Prop_ibuf_I_O)         1.388    11.388 r  CLK_IBUF_inst/O
                         net (fo=1, routed)           1.862    13.250    CLK_IBUF
    BUFGCTRL_X0Y0        BUFG (Prop_bufg_I_O)         0.091    13.341 r  CLK_IBUF_BUFG_inst/O
                         net (fo=41, routed)          1.505    14.846    saniye_1/CLK_IBUF_BUFG
    SLICE_X65Y22         FDRE                                         r  saniye_1/cnt_reg[21]/C
                         clock pessimism              0.296    15.142    
                         clock uncertainty           -0.035    15.107    
    SLICE_X65Y22         FDRE (Setup_fdre_C_R)       -0.429    14.678    saniye_1/cnt_reg[21]
  -------------------------------------------------------------------
                         required time                         14.678    
                         arrival time                          -8.906    
  -------------------------------------------------------------------
                         slack                                  5.772    

Slack (MET) :             5.772ns  (required time - arrival time)
  Source:                 saniye_1/cnt_reg[24]/C
                            (rising edge-triggered cell FDRE clocked by sys_clk_pin  {rise@0.000ns fall@5.000ns period=10.000ns})
  Destination:            saniye_1/cnt_reg[22]/R
                            (rising edge-triggered cell FDRE clocked by sys_clk_pin  {rise@0.000ns fall@5.000ns period=10.000ns})
  Path Group:             sys_clk_pin
  Path Type:              Setup (Max at Slow Process Corner)
  Requirement:            10.000ns  (sys_clk_pin rise@10.000ns - sys_clk_pin rise@0.000ns)
  Data Path Delay:        3.764ns  (logic 0.828ns (21.999%)  route 2.936ns (78.001%))
  Logic Levels:           3  (LUT4=2 LUT6=1)
  Clock Path Skew:        0.000ns (DCD - SCD + CPR)
    Destination Clock Delay (DCD):    4.846ns = ( 14.846 - 10.000 ) 
    Source Clock Delay      (SCD):    5.142ns
    Clock Pessimism Removal (CPR):    0.296ns
  Clock Uncertainty:      0.035ns  ((TSJ^2 + TIJ^2)^1/2 + DJ) / 2 + PE
    Total System Jitter     (TSJ):    0.071ns
    Total Input Jitter      (TIJ):    0.000ns
    Discrete Jitter          (DJ):    0.000ns
    Phase Error              (PE):    0.000ns

    Location             Delay type                Incr(ns)  Path(ns)    Netlist Resource(s)
  -------------------------------------------------------------------    -------------------
                         (clock sys_clk_pin rise edge)
                                                      0.000     0.000 r  
    W5                                                0.000     0.000 r  CLK (IN)
                         net (fo=0)                   0.000     0.000    CLK
    W5                   IBUF (Prop_ibuf_I_O)         1.458     1.458 r  CLK_IBUF_inst/O
                         net (fo=1, routed)           1.967     3.425    CLK_IBUF
    BUFGCTRL_X0Y0        BUFG (Prop_bufg_I_O)         0.096     3.521 r  CLK_IBUF_BUFG_inst/O
                         net (fo=41, routed)          1.621     5.142    saniye_1/CLK_IBUF_BUFG
    SLICE_X65Y22         FDRE                                         r  saniye_1/cnt_reg[24]/C
  -------------------------------------------------------------------    -------------------
    SLICE_X65Y22         FDRE (Prop_fdre_C_Q)         0.456     5.598 r  saniye_1/cnt_reg[24]/Q
                         net (fo=2, routed)           0.684     6.282    saniye_1/cnt_reg_n_0_[24]
    SLICE_X64Y22         LUT4 (Prop_lut4_I2_O)        0.124     6.406 f  saniye_1/cnt[31]_i_5/O
                         net (fo=1, routed)           0.452     6.858    saniye_1/cnt[31]_i_5_n_0
    SLICE_X64Y22         LUT6 (Prop_lut6_I0_O)        0.124     6.982 f  saniye_1/cnt[31]_i_2/O
                         net (fo=2, routed)           0.968     7.950    saniye_1/cnt[31]_i_2_n_0
    SLICE_X64Y18         LUT4 (Prop_lut4_I0_O)        0.124     8.074 r  saniye_1/cnt[31]_i_1/O
                         net (fo=32, routed)          0.832     8.906    saniye_1/cnt[31]_i_1_n_0
    SLICE_X65Y22         FDRE                                         r  saniye_1/cnt_reg[22]/R
  -------------------------------------------------------------------    -------------------

                         (clock sys_clk_pin rise edge)
                                                     10.000    10.000 r  
    W5                                                0.000    10.000 r  CLK (IN)
                         net (fo=0)                   0.000    10.000    CLK
    W5                   IBUF (Prop_ibuf_I_O)         1.388    11.388 r  CLK_IBUF_inst/O
                         net (fo=1, routed)           1.862    13.250    CLK_IBUF
    BUFGCTRL_X0Y0        BUFG (Prop_bufg_I_O)         0.091    13.341 r  CLK_IBUF_BUFG_inst/O
                         net (fo=41, routed)          1.505    14.846    saniye_1/CLK_IBUF_BUFG
    SLICE_X65Y22         FDRE                                         r  saniye_1/cnt_reg[22]/C
                         clock pessimism              0.296    15.142    
                         clock uncertainty           -0.035    15.107    
    SLICE_X65Y22         FDRE (Setup_fdre_C_R)       -0.429    14.678    saniye_1/cnt_reg[22]
  -------------------------------------------------------------------
                         required time                         14.678    
                         arrival time                          -8.906    
  -------------------------------------------------------------------
                         slack                                  5.772    

Slack (MET) :             5.772ns  (required time - arrival time)
  Source:                 saniye_1/cnt_reg[24]/C
                            (rising edge-triggered cell FDRE clocked by sys_clk_pin  {rise@0.000ns fall@5.000ns period=10.000ns})
  Destination:            saniye_1/cnt_reg[23]/R
                            (rising edge-triggered cell FDRE clocked by sys_clk_pin  {rise@0.000ns fall@5.000ns period=10.000ns})
  Path Group:             sys_clk_pin
  Path Type:              Setup (Max at Slow Process Corner)
  Requirement:            10.000ns  (sys_clk_pin rise@10.000ns - sys_clk_pin rise@0.000ns)
  Data Path Delay:        3.764ns  (logic 0.828ns (21.999%)  route 2.936ns (78.001%))
  Logic Levels:           3  (LUT4=2 LUT6=1)
  Clock Path Skew:        0.000ns (DCD - SCD + CPR)
    Destination Clock Delay (DCD):    4.846ns = ( 14.846 - 10.000 ) 
    Source Clock Delay      (SCD):    5.142ns
    Clock Pessimism Removal (CPR):    0.296ns
  Clock Uncertainty:      0.035ns  ((TSJ^2 + TIJ^2)^1/2 + DJ) / 2 + PE
    Total System Jitter     (TSJ):    0.071ns
    Total Input Jitter      (TIJ):    0.000ns
    Discrete Jitter          (DJ):    0.000ns
    Phase Error              (PE):    0.000ns

    Location             Delay type                Incr(ns)  Path(ns)    Netlist Resource(s)
  -------------------------------------------------------------------    -------------------
                         (clock sys_clk_pin rise edge)
                                                      0.000     0.000 r  
    W5                                                0.000     0.000 r  CLK (IN)
                         net (fo=0)                   0.000     0.000    CLK
    W5                   IBUF (Prop_ibuf_I_O)         1.458     1.458 r  CLK_IBUF_inst/O
                         net (fo=1, routed)           1.967     3.425    CLK_IBUF
    BUFGCTRL_X0Y0        BUFG (Prop_bufg_I_O)         0.096     3.521 r  CLK_IBUF_BUFG_inst/O
                         net (fo=41, routed)          1.621     5.142    saniye_1/CLK_IBUF_BUFG
    SLICE_X65Y22         FDRE                                         r  saniye_1/cnt_reg[24]/C
  -------------------------------------------------------------------    -------------------
    SLICE_X65Y22         FDRE (Prop_fdre_C_Q)         0.456     5.598 r  saniye_1/cnt_reg[24]/Q
                         net (fo=2, routed)           0.684     6.282    saniye_1/cnt_reg_n_0_[24]
    SLICE_X64Y22         LUT4 (Prop_lut4_I2_O)        0.124     6.406 f  saniye_1/cnt[31]_i_5/O
                         net (fo=1, routed)           0.452     6.858    saniye_1/cnt[31]_i_5_n_0
    SLICE_X64Y22         LUT6 (Prop_lut6_I0_O)        0.124     6.982 f  saniye_1/cnt[31]_i_2/O
                         net (fo=2, routed)           0.968     7.950    saniye_1/cnt[31]_i_2_n_0
    SLICE_X64Y18         LUT4 (Prop_lut4_I0_O)        0.124     8.074 r  saniye_1/cnt[31]_i_1/O
                         net (fo=32, routed)          0.832     8.906    saniye_1/cnt[31]_i_1_n_0
    SLICE_X65Y22         FDRE                                         r  saniye_1/cnt_reg[23]/R
  -------------------------------------------------------------------    -------------------

                         (clock sys_clk_pin rise edge)
                                                     10.000    10.000 r  
    W5                                                0.000    10.000 r  CLK (IN)
                         net (fo=0)                   0.000    10.000    CLK
    W5                   IBUF (Prop_ibuf_I_O)         1.388    11.388 r  CLK_IBUF_inst/O
                         net (fo=1, routed)           1.862    13.250    CLK_IBUF
    BUFGCTRL_X0Y0        BUFG (Prop_bufg_I_O)         0.091    13.341 r  CLK_IBUF_BUFG_inst/O
                         net (fo=41, routed)          1.505    14.846    saniye_1/CLK_IBUF_BUFG
    SLICE_X65Y22         FDRE                                         r  saniye_1/cnt_reg[23]/C
                         clock pessimism              0.296    15.142    
                         clock uncertainty           -0.035    15.107    
    SLICE_X65Y22         FDRE (Setup_fdre_C_R)       -0.429    14.678    saniye_1/cnt_reg[23]
  -------------------------------------------------------------------
                         required time                         14.678    
                         arrival time                          -8.906    
  -------------------------------------------------------------------
                         slack                                  5.772    

Slack (MET) :             5.772ns  (required time - arrival time)
  Source:                 saniye_1/cnt_reg[24]/C
                            (rising edge-triggered cell FDRE clocked by sys_clk_pin  {rise@0.000ns fall@5.000ns period=10.000ns})
  Destination:            saniye_1/cnt_reg[24]/R
                            (rising edge-triggered cell FDRE clocked by sys_clk_pin  {rise@0.000ns fall@5.000ns period=10.000ns})
  Path Group:             sys_clk_pin
  Path Type:              Setup (Max at Slow Process Corner)
  Requirement:            10.000ns  (sys_clk_pin rise@10.000ns - sys_clk_pin rise@0.000ns)
  Data Path Delay:        3.764ns  (logic 0.828ns (21.999%)  route 2.936ns (78.001%))
  Logic Levels:           3  (LUT4=2 LUT6=1)
  Clock Path Skew:        0.000ns (DCD - SCD + CPR)
    Destination Clock Delay (DCD):    4.846ns = ( 14.846 - 10.000 ) 
    Source Clock Delay      (SCD):    5.142ns
    Clock Pessimism Removal (CPR):    0.296ns
  Clock Uncertainty:      0.035ns  ((TSJ^2 + TIJ^2)^1/2 + DJ) / 2 + PE
    Total System Jitter     (TSJ):    0.071ns
    Total Input Jitter      (TIJ):    0.000ns
    Discrete Jitter          (DJ):    0.000ns
    Phase Error              (PE):    0.000ns

    Location             Delay type                Incr(ns)  Path(ns)    Netlist Resource(s)
  -------------------------------------------------------------------    -------------------
                         (clock sys_clk_pin rise edge)
                                                      0.000     0.000 r  
    W5                                                0.000     0.000 r  CLK (IN)
                         net (fo=0)                   0.000     0.000    CLK
    W5                   IBUF (Prop_ibuf_I_O)         1.458     1.458 r  CLK_IBUF_inst/O
                         net (fo=1, routed)           1.967     3.425    CLK_IBUF
    BUFGCTRL_X0Y0        BUFG (Prop_bufg_I_O)         0.096     3.521 r  CLK_IBUF_BUFG_inst/O
                         net (fo=41, routed)          1.621     5.142    saniye_1/CLK_IBUF_BUFG
    SLICE_X65Y22         FDRE                                         r  saniye_1/cnt_reg[24]/C
  -------------------------------------------------------------------    -------------------
    SLICE_X65Y22         FDRE (Prop_fdre_C_Q)         0.456     5.598 r  saniye_1/cnt_reg[24]/Q
                         net (fo=2, routed)           0.684     6.282    saniye_1/cnt_reg_n_0_[24]
    SLICE_X64Y22         LUT4 (Prop_lut4_I2_O)        0.124     6.406 f  saniye_1/cnt[31]_i_5/O
                         net (fo=1, routed)           0.452     6.858    saniye_1/cnt[31]_i_5_n_0
    SLICE_X64Y22         LUT6 (Prop_lut6_I0_O)        0.124     6.982 f  saniye_1/cnt[31]_i_2/O
                         net (fo=2, routed)           0.968     7.950    saniye_1/cnt[31]_i_2_n_0
    SLICE_X64Y18         LUT4 (Prop_lut4_I0_O)        0.124     8.074 r  saniye_1/cnt[31]_i_1/O
                         net (fo=32, routed)          0.832     8.906    saniye_1/cnt[31]_i_1_n_0
    SLICE_X65Y22         FDRE                                         r  saniye_1/cnt_reg[24]/R
  -------------------------------------------------------------------    -------------------

                         (clock sys_clk_pin rise edge)
                                                     10.000    10.000 r  
    W5                                                0.000    10.000 r  CLK (IN)
                         net (fo=0)                   0.000    10.000    CLK
    W5                   IBUF (Prop_ibuf_I_O)         1.388    11.388 r  CLK_IBUF_inst/O
                         net (fo=1, routed)           1.862    13.250    CLK_IBUF
    BUFGCTRL_X0Y0        BUFG (Prop_bufg_I_O)         0.091    13.341 r  CLK_IBUF_BUFG_inst/O
                         net (fo=41, routed)          1.505    14.846    saniye_1/CLK_IBUF_BUFG
    SLICE_X65Y22         FDRE                                         r  saniye_1/cnt_reg[24]/C
                         clock pessimism              0.296    15.142    
                         clock uncertainty           -0.035    15.107    
    SLICE_X65Y22         FDRE (Setup_fdre_C_R)       -0.429    14.678    saniye_1/cnt_reg[24]
  -------------------------------------------------------------------
                         required time                         14.678    
                         arrival time                          -8.906    
  -------------------------------------------------------------------
                         slack                                  5.772    

Slack (MET) :             5.890ns  (required time - arrival time)
  Source:                 saniye_1/cnt_reg[24]/C
                            (rising edge-triggered cell FDRE clocked by sys_clk_pin  {rise@0.000ns fall@5.000ns period=10.000ns})
  Destination:            saniye_1/cnt_reg[17]/R
                            (rising edge-triggered cell FDRE clocked by sys_clk_pin  {rise@0.000ns fall@5.000ns period=10.000ns})
  Path Group:             sys_clk_pin
  Path Type:              Setup (Max at Slow Process Corner)
  Requirement:            10.000ns  (sys_clk_pin rise@10.000ns - sys_clk_pin rise@0.000ns)
  Data Path Delay:        3.625ns  (logic 0.828ns (22.839%)  route 2.797ns (77.161%))
  Logic Levels:           3  (LUT4=2 LUT6=1)
  Clock Path Skew:        -0.020ns (DCD - SCD + CPR)
    Destination Clock Delay (DCD):    4.848ns = ( 14.848 - 10.000 ) 
    Source Clock Delay      (SCD):    5.142ns
    Clock Pessimism Removal (CPR):    0.274ns
  Clock Uncertainty:      0.035ns  ((TSJ^2 + TIJ^2)^1/2 + DJ) / 2 + PE
    Total System Jitter     (TSJ):    0.071ns
    Total Input Jitter      (TIJ):    0.000ns
    Discrete Jitter          (DJ):    0.000ns
    Phase Error              (PE):    0.000ns

    Location             Delay type                Incr(ns)  Path(ns)    Netlist Resource(s)
  -------------------------------------------------------------------    -------------------
                         (clock sys_clk_pin rise edge)
                                                      0.000     0.000 r  
    W5                                                0.000     0.000 r  CLK (IN)
                         net (fo=0)                   0.000     0.000    CLK
    W5                   IBUF (Prop_ibuf_I_O)         1.458     1.458 r  CLK_IBUF_inst/O
                         net (fo=1, routed)           1.967     3.425    CLK_IBUF
    BUFGCTRL_X0Y0        BUFG (Prop_bufg_I_O)         0.096     3.521 r  CLK_IBUF_BUFG_inst/O
                         net (fo=41, routed)          1.621     5.142    saniye_1/CLK_IBUF_BUFG
    SLICE_X65Y22         FDRE                                         r  saniye_1/cnt_reg[24]/C
  -------------------------------------------------------------------    -------------------
    SLICE_X65Y22         FDRE (Prop_fdre_C_Q)         0.456     5.598 r  saniye_1/cnt_reg[24]/Q
                         net (fo=2, routed)           0.684     6.282    saniye_1/cnt_reg_n_0_[24]
    SLICE_X64Y22         LUT4 (Prop_lut4_I2_O)        0.124     6.406 f  saniye_1/cnt[31]_i_5/O
                         net (fo=1, routed)           0.452     6.858    saniye_1/cnt[31]_i_5_n_0
    SLICE_X64Y22         LUT6 (Prop_lut6_I0_O)        0.124     6.982 f  saniye_1/cnt[31]_i_2/O
                         net (fo=2, routed)           0.968     7.950    saniye_1/cnt[31]_i_2_n_0
    SLICE_X64Y18         LUT4 (Prop_lut4_I0_O)        0.124     8.074 r  saniye_1/cnt[31]_i_1/O
                         net (fo=32, routed)          0.694     8.768    saniye_1/cnt[31]_i_1_n_0
    SLICE_X65Y21         FDRE                                         r  saniye_1/cnt_reg[17]/R
  -------------------------------------------------------------------    -------------------

                         (clock sys_clk_pin rise edge)
                                                     10.000    10.000 r  
    W5                                                0.000    10.000 r  CLK (IN)
                         net (fo=0)                   0.000    10.000    CLK
    W5                   IBUF (Prop_ibuf_I_O)         1.388    11.388 r  CLK_IBUF_inst/O
                         net (fo=1, routed)           1.862    13.250    CLK_IBUF
    BUFGCTRL_X0Y0        BUFG (Prop_bufg_I_O)         0.091    13.341 r  CLK_IBUF_BUFG_inst/O
                         net (fo=41, routed)          1.507    14.848    saniye_1/CLK_IBUF_BUFG
    SLICE_X65Y21         FDRE                                         r  saniye_1/cnt_reg[17]/C
                         clock pessimism              0.274    15.122    
                         clock uncertainty           -0.035    15.087    
    SLICE_X65Y21         FDRE (Setup_fdre_C_R)       -0.429    14.658    saniye_1/cnt_reg[17]
  -------------------------------------------------------------------
                         required time                         14.658    
                         arrival time                          -8.768    
  -------------------------------------------------------------------
                         slack                                  5.890    

Slack (MET) :             5.890ns  (required time - arrival time)
  Source:                 saniye_1/cnt_reg[24]/C
                            (rising edge-triggered cell FDRE clocked by sys_clk_pin  {rise@0.000ns fall@5.000ns period=10.000ns})
  Destination:            saniye_1/cnt_reg[18]/R
                            (rising edge-triggered cell FDRE clocked by sys_clk_pin  {rise@0.000ns fall@5.000ns period=10.000ns})
  Path Group:             sys_clk_pin
  Path Type:              Setup (Max at Slow Process Corner)
  Requirement:            10.000ns  (sys_clk_pin rise@10.000ns - sys_clk_pin rise@0.000ns)
  Data Path Delay:        3.625ns  (logic 0.828ns (22.839%)  route 2.797ns (77.161%))
  Logic Levels:           3  (LUT4=2 LUT6=1)
  Clock Path Skew:        -0.020ns (DCD - SCD + CPR)
    Destination Clock Delay (DCD):    4.848ns = ( 14.848 - 10.000 ) 
    Source Clock Delay      (SCD):    5.142ns
    Clock Pessimism Removal (CPR):    0.274ns
  Clock Uncertainty:      0.035ns  ((TSJ^2 + TIJ^2)^1/2 + DJ) / 2 + PE
    Total System Jitter     (TSJ):    0.071ns
    Total Input Jitter      (TIJ):    0.000ns
    Discrete Jitter          (DJ):    0.000ns
    Phase Error              (PE):    0.000ns

    Location             Delay type                Incr(ns)  Path(ns)    Netlist Resource(s)
  -------------------------------------------------------------------    -------------------
                         (clock sys_clk_pin rise edge)
                                                      0.000     0.000 r  
    W5                                                0.000     0.000 r  CLK (IN)
                         net (fo=0)                   0.000     0.000    CLK
    W5                   IBUF (Prop_ibuf_I_O)         1.458     1.458 r  CLK_IBUF_inst/O
                         net (fo=1, routed)           1.967     3.425    CLK_IBUF
    BUFGCTRL_X0Y0        BUFG (Prop_bufg_I_O)         0.096     3.521 r  CLK_IBUF_BUFG_inst/O
                         net (fo=41, routed)          1.621     5.142    saniye_1/CLK_IBUF_BUFG
    SLICE_X65Y22         FDRE                                         r  saniye_1/cnt_reg[24]/C
  -------------------------------------------------------------------    -------------------
    SLICE_X65Y22         FDRE (Prop_fdre_C_Q)         0.456     5.598 r  saniye_1/cnt_reg[24]/Q
                         net (fo=2, routed)           0.684     6.282    saniye_1/cnt_reg_n_0_[24]
    SLICE_X64Y22         LUT4 (Prop_lut4_I2_O)        0.124     6.406 f  saniye_1/cnt[31]_i_5/O
                         net (fo=1, routed)           0.452     6.858    saniye_1/cnt[31]_i_5_n_0
    SLICE_X64Y22         LUT6 (Prop_lut6_I0_O)        0.124     6.982 f  saniye_1/cnt[31]_i_2/O
                         net (fo=2, routed)           0.968     7.950    saniye_1/cnt[31]_i_2_n_0
    SLICE_X64Y18         LUT4 (Prop_lut4_I0_O)        0.124     8.074 r  saniye_1/cnt[31]_i_1/O
                         net (fo=32, routed)          0.694     8.768    saniye_1/cnt[31]_i_1_n_0
    SLICE_X65Y21         FDRE                                         r  saniye_1/cnt_reg[18]/R
  -------------------------------------------------------------------    -------------------

                         (clock sys_clk_pin rise edge)
                                                     10.000    10.000 r  
    W5                                                0.000    10.000 r  CLK (IN)
                         net (fo=0)                   0.000    10.000    CLK
    W5                   IBUF (Prop_ibuf_I_O)         1.388    11.388 r  CLK_IBUF_inst/O
                         net (fo=1, routed)           1.862    13.250    CLK_IBUF
    BUFGCTRL_X0Y0        BUFG (Prop_bufg_I_O)         0.091    13.341 r  CLK_IBUF_BUFG_inst/O
                         net (fo=41, routed)          1.507    14.848    saniye_1/CLK_IBUF_BUFG
    SLICE_X65Y21         FDRE                                         r  saniye_1/cnt_reg[18]/C
                         clock pessimism              0.274    15.122    
                         clock uncertainty           -0.035    15.087    
    SLICE_X65Y21         FDRE (Setup_fdre_C_R)       -0.429    14.658    saniye_1/cnt_reg[18]
  -------------------------------------------------------------------
                         required time                         14.658    
                         arrival time                          -8.768    
  -------------------------------------------------------------------
                         slack                                  5.890    





Min Delay Paths
--------------------------------------------------------------------------------------
Slack (MET) :             0.263ns  (arrival time - required time)
  Source:                 saniye_1/cnt_reg[12]/C
                            (rising edge-triggered cell FDRE clocked by sys_clk_pin  {rise@0.000ns fall@5.000ns period=10.000ns})
  Destination:            saniye_1/cnt_reg[12]/D
                            (rising edge-triggered cell FDRE clocked by sys_clk_pin  {rise@0.000ns fall@5.000ns period=10.000ns})
  Path Group:             sys_clk_pin
  Path Type:              Hold (Min at Fast Process Corner)
  Requirement:            0.000ns  (sys_clk_pin rise@0.000ns - sys_clk_pin rise@0.000ns)
  Data Path Delay:        0.368ns  (logic 0.249ns (67.612%)  route 0.119ns (32.388%))
  Logic Levels:           1  (CARRY4=1)
  Clock Path Skew:        0.000ns (DCD - SCD - CPR)
    Destination Clock Delay (DCD):    1.983ns
    Source Clock Delay      (SCD):    1.470ns
    Clock Pessimism Removal (CPR):    0.513ns

    Location             Delay type                Incr(ns)  Path(ns)    Netlist Resource(s)
  -------------------------------------------------------------------    -------------------
                         (clock sys_clk_pin rise edge)
                                                      0.000     0.000 r  
    W5                                                0.000     0.000 r  CLK (IN)
                         net (fo=0)                   0.000     0.000    CLK
    W5                   IBUF (Prop_ibuf_I_O)         0.226     0.226 r  CLK_IBUF_inst/O
                         net (fo=1, routed)           0.631     0.858    CLK_IBUF
    BUFGCTRL_X0Y0        BUFG (Prop_bufg_I_O)         0.026     0.884 r  CLK_IBUF_BUFG_inst/O
                         net (fo=41, routed)          0.587     1.470    saniye_1/CLK_IBUF_BUFG
    SLICE_X65Y19         FDRE                                         r  saniye_1/cnt_reg[12]/C
  -------------------------------------------------------------------    -------------------
    SLICE_X65Y19         FDRE (Prop_fdre_C_Q)         0.141     1.611 r  saniye_1/cnt_reg[12]/Q
                         net (fo=2, routed)           0.119     1.730    saniye_1/cnt_reg_n_0_[12]
    SLICE_X65Y19         CARRY4 (Prop_carry4_S[3]_O[3])
                                                      0.108     1.838 r  saniye_1/cnt_next0_carry__1/O[3]
                         net (fo=1, routed)           0.000     1.838    saniye_1/data0[12]
    SLICE_X65Y19         FDRE                                         r  saniye_1/cnt_reg[12]/D
  -------------------------------------------------------------------    -------------------

                         (clock sys_clk_pin rise edge)
                                                      0.000     0.000 r  
    W5                                                0.000     0.000 r  CLK (IN)
                         net (fo=0)                   0.000     0.000    CLK
    W5                   IBUF (Prop_ibuf_I_O)         0.414     0.414 r  CLK_IBUF_inst/O
                         net (fo=1, routed)           0.685     1.099    CLK_IBUF
    BUFGCTRL_X0Y0        BUFG (Prop_bufg_I_O)         0.029     1.128 r  CLK_IBUF_BUFG_inst/O
                         net (fo=41, routed)          0.856     1.983    saniye_1/CLK_IBUF_BUFG
    SLICE_X65Y19         FDRE                                         r  saniye_1/cnt_reg[12]/C
                         clock pessimism             -0.513     1.470    
    SLICE_X65Y19         FDRE (Hold_fdre_C_D)         0.105     1.575    saniye_1/cnt_reg[12]
  -------------------------------------------------------------------
                         required time                         -1.575    
                         arrival time                           1.838    
  -------------------------------------------------------------------
                         slack                                  0.263    

Slack (MET) :             0.263ns  (arrival time - required time)
  Source:                 saniye_1/cnt_reg[20]/C
                            (rising edge-triggered cell FDRE clocked by sys_clk_pin  {rise@0.000ns fall@5.000ns period=10.000ns})
  Destination:            saniye_1/cnt_reg[20]/D
                            (rising edge-triggered cell FDRE clocked by sys_clk_pin  {rise@0.000ns fall@5.000ns period=10.000ns})
  Path Group:             sys_clk_pin
  Path Type:              Hold (Min at Fast Process Corner)
  Requirement:            0.000ns  (sys_clk_pin rise@0.000ns - sys_clk_pin rise@0.000ns)
  Data Path Delay:        0.368ns  (logic 0.249ns (67.612%)  route 0.119ns (32.388%))
  Logic Levels:           1  (CARRY4=1)
  Clock Path Skew:        0.000ns (DCD - SCD - CPR)
    Destination Clock Delay (DCD):    1.981ns
    Source Clock Delay      (SCD):    1.468ns
    Clock Pessimism Removal (CPR):    0.513ns

    Location             Delay type                Incr(ns)  Path(ns)    Netlist Resource(s)
  -------------------------------------------------------------------    -------------------
                         (clock sys_clk_pin rise edge)
                                                      0.000     0.000 r  
    W5                                                0.000     0.000 r  CLK (IN)
                         net (fo=0)                   0.000     0.000    CLK
    W5                   IBUF (Prop_ibuf_I_O)         0.226     0.226 r  CLK_IBUF_inst/O
                         net (fo=1, routed)           0.631     0.858    CLK_IBUF
    BUFGCTRL_X0Y0        BUFG (Prop_bufg_I_O)         0.026     0.884 r  CLK_IBUF_BUFG_inst/O
                         net (fo=41, routed)          0.585     1.468    saniye_1/CLK_IBUF_BUFG
    SLICE_X65Y21         FDRE                                         r  saniye_1/cnt_reg[20]/C
  -------------------------------------------------------------------    -------------------
    SLICE_X65Y21         FDRE (Prop_fdre_C_Q)         0.141     1.609 r  saniye_1/cnt_reg[20]/Q
                         net (fo=2, routed)           0.119     1.728    saniye_1/cnt_reg_n_0_[20]
    SLICE_X65Y21         CARRY4 (Prop_carry4_S[3]_O[3])
                                                      0.108     1.836 r  saniye_1/cnt_next0_carry__3/O[3]
                         net (fo=1, routed)           0.000     1.836    saniye_1/data0[20]
    SLICE_X65Y21         FDRE                                         r  saniye_1/cnt_reg[20]/D
  -------------------------------------------------------------------    -------------------

                         (clock sys_clk_pin rise edge)
                                                      0.000     0.000 r  
    W5                                                0.000     0.000 r  CLK (IN)
                         net (fo=0)                   0.000     0.000    CLK
    W5                   IBUF (Prop_ibuf_I_O)         0.414     0.414 r  CLK_IBUF_inst/O
                         net (fo=1, routed)           0.685     1.099    CLK_IBUF
    BUFGCTRL_X0Y0        BUFG (Prop_bufg_I_O)         0.029     1.128 r  CLK_IBUF_BUFG_inst/O
                         net (fo=41, routed)          0.854     1.981    saniye_1/CLK_IBUF_BUFG
    SLICE_X65Y21         FDRE                                         r  saniye_1/cnt_reg[20]/C
                         clock pessimism             -0.513     1.468    
    SLICE_X65Y21         FDRE (Hold_fdre_C_D)         0.105     1.573    saniye_1/cnt_reg[20]
  -------------------------------------------------------------------
                         required time                         -1.573    
                         arrival time                           1.836    
  -------------------------------------------------------------------
                         slack                                  0.263    

Slack (MET) :             0.263ns  (arrival time - required time)
  Source:                 saniye_1/cnt_reg[28]/C
                            (rising edge-triggered cell FDRE clocked by sys_clk_pin  {rise@0.000ns fall@5.000ns period=10.000ns})
  Destination:            saniye_1/cnt_reg[28]/D
                            (rising edge-triggered cell FDRE clocked by sys_clk_pin  {rise@0.000ns fall@5.000ns period=10.000ns})
  Path Group:             sys_clk_pin
  Path Type:              Hold (Min at Fast Process Corner)
  Requirement:            0.000ns  (sys_clk_pin rise@0.000ns - sys_clk_pin rise@0.000ns)
  Data Path Delay:        0.368ns  (logic 0.249ns (67.612%)  route 0.119ns (32.388%))
  Logic Levels:           1  (CARRY4=1)
  Clock Path Skew:        0.000ns (DCD - SCD - CPR)
    Destination Clock Delay (DCD):    1.978ns
    Source Clock Delay      (SCD):    1.466ns
    Clock Pessimism Removal (CPR):    0.512ns

    Location             Delay type                Incr(ns)  Path(ns)    Netlist Resource(s)
  -------------------------------------------------------------------    -------------------
                         (clock sys_clk_pin rise edge)
                                                      0.000     0.000 r  
    W5                                                0.000     0.000 r  CLK (IN)
                         net (fo=0)                   0.000     0.000    CLK
    W5                   IBUF (Prop_ibuf_I_O)         0.226     0.226 r  CLK_IBUF_inst/O
                         net (fo=1, routed)           0.631     0.858    CLK_IBUF
    BUFGCTRL_X0Y0        BUFG (Prop_bufg_I_O)         0.026     0.884 r  CLK_IBUF_BUFG_inst/O
                         net (fo=41, routed)          0.583     1.466    saniye_1/CLK_IBUF_BUFG
    SLICE_X65Y23         FDRE                                         r  saniye_1/cnt_reg[28]/C
  -------------------------------------------------------------------    -------------------
    SLICE_X65Y23         FDRE (Prop_fdre_C_Q)         0.141     1.607 r  saniye_1/cnt_reg[28]/Q
                         net (fo=2, routed)           0.119     1.726    saniye_1/cnt_reg_n_0_[28]
    SLICE_X65Y23         CARRY4 (Prop_carry4_S[3]_O[3])
                                                      0.108     1.834 r  saniye_1/cnt_next0_carry__5/O[3]
                         net (fo=1, routed)           0.000     1.834    saniye_1/data0[28]
    SLICE_X65Y23         FDRE                                         r  saniye_1/cnt_reg[28]/D
  -------------------------------------------------------------------    -------------------

                         (clock sys_clk_pin rise edge)
                                                      0.000     0.000 r  
    W5                                                0.000     0.000 r  CLK (IN)
                         net (fo=0)                   0.000     0.000    CLK
    W5                   IBUF (Prop_ibuf_I_O)         0.414     0.414 r  CLK_IBUF_inst/O
                         net (fo=1, routed)           0.685     1.099    CLK_IBUF
    BUFGCTRL_X0Y0        BUFG (Prop_bufg_I_O)         0.029     1.128 r  CLK_IBUF_BUFG_inst/O
                         net (fo=41, routed)          0.851     1.978    saniye_1/CLK_IBUF_BUFG
    SLICE_X65Y23         FDRE                                         r  saniye_1/cnt_reg[28]/C
                         clock pessimism             -0.512     1.466    
    SLICE_X65Y23         FDRE (Hold_fdre_C_D)         0.105     1.571    saniye_1/cnt_reg[28]
  -------------------------------------------------------------------
                         required time                         -1.571    
                         arrival time                           1.834    
  -------------------------------------------------------------------
                         slack                                  0.263    

Slack (MET) :             0.263ns  (arrival time - required time)
  Source:                 saniye_1/cnt_reg[8]/C
                            (rising edge-triggered cell FDRE clocked by sys_clk_pin  {rise@0.000ns fall@5.000ns period=10.000ns})
  Destination:            saniye_1/cnt_reg[8]/D
                            (rising edge-triggered cell FDRE clocked by sys_clk_pin  {rise@0.000ns fall@5.000ns period=10.000ns})
  Path Group:             sys_clk_pin
  Path Type:              Hold (Min at Fast Process Corner)
  Requirement:            0.000ns  (sys_clk_pin rise@0.000ns - sys_clk_pin rise@0.000ns)
  Data Path Delay:        0.368ns  (logic 0.249ns (67.612%)  route 0.119ns (32.388%))
  Logic Levels:           1  (CARRY4=1)
  Clock Path Skew:        0.000ns (DCD - SCD - CPR)
    Destination Clock Delay (DCD):    1.984ns
    Source Clock Delay      (SCD):    1.471ns
    Clock Pessimism Removal (CPR):    0.513ns

    Location             Delay type                Incr(ns)  Path(ns)    Netlist Resource(s)
  -------------------------------------------------------------------    -------------------
                         (clock sys_clk_pin rise edge)
                                                      0.000     0.000 r  
    W5                                                0.000     0.000 r  CLK (IN)
                         net (fo=0)                   0.000     0.000    CLK
    W5                   IBUF (Prop_ibuf_I_O)         0.226     0.226 r  CLK_IBUF_inst/O
                         net (fo=1, routed)           0.631     0.858    CLK_IBUF
    BUFGCTRL_X0Y0        BUFG (Prop_bufg_I_O)         0.026     0.884 r  CLK_IBUF_BUFG_inst/O
                         net (fo=41, routed)          0.588     1.471    saniye_1/CLK_IBUF_BUFG
    SLICE_X65Y18         FDRE                                         r  saniye_1/cnt_reg[8]/C
  -------------------------------------------------------------------    -------------------
    SLICE_X65Y18         FDRE (Prop_fdre_C_Q)         0.141     1.612 r  saniye_1/cnt_reg[8]/Q
                         net (fo=2, routed)           0.119     1.731    saniye_1/cnt_reg_n_0_[8]
    SLICE_X65Y18         CARRY4 (Prop_carry4_S[3]_O[3])
                                                      0.108     1.839 r  saniye_1/cnt_next0_carry__0/O[3]
                         net (fo=1, routed)           0.000     1.839    saniye_1/data0[8]
    SLICE_X65Y18         FDRE                                         r  saniye_1/cnt_reg[8]/D
  -------------------------------------------------------------------    -------------------

                         (clock sys_clk_pin rise edge)
                                                      0.000     0.000 r  
    W5                                                0.000     0.000 r  CLK (IN)
                         net (fo=0)                   0.000     0.000    CLK
    W5                   IBUF (Prop_ibuf_I_O)         0.414     0.414 r  CLK_IBUF_inst/O
                         net (fo=1, routed)           0.685     1.099    CLK_IBUF
    BUFGCTRL_X0Y0        BUFG (Prop_bufg_I_O)         0.029     1.128 r  CLK_IBUF_BUFG_inst/O
                         net (fo=41, routed)          0.857     1.984    saniye_1/CLK_IBUF_BUFG
    SLICE_X65Y18         FDRE                                         r  saniye_1/cnt_reg[8]/C
                         clock pessimism             -0.513     1.471    
    SLICE_X65Y18         FDRE (Hold_fdre_C_D)         0.105     1.576    saniye_1/cnt_reg[8]
  -------------------------------------------------------------------
                         required time                         -1.576    
                         arrival time                           1.839    
  -------------------------------------------------------------------
                         slack                                  0.263    

Slack (MET) :             0.263ns  (arrival time - required time)
  Source:                 saniye_1/cnt_reg[16]/C
                            (rising edge-triggered cell FDRE clocked by sys_clk_pin  {rise@0.000ns fall@5.000ns period=10.000ns})
  Destination:            saniye_1/cnt_reg[16]/D
                            (rising edge-triggered cell FDRE clocked by sys_clk_pin  {rise@0.000ns fall@5.000ns period=10.000ns})
  Path Group:             sys_clk_pin
  Path Type:              Hold (Min at Fast Process Corner)
  Requirement:            0.000ns  (sys_clk_pin rise@0.000ns - sys_clk_pin rise@0.000ns)
  Data Path Delay:        0.368ns  (logic 0.249ns (67.612%)  route 0.119ns (32.388%))
  Logic Levels:           1  (CARRY4=1)
  Clock Path Skew:        0.000ns (DCD - SCD - CPR)
    Destination Clock Delay (DCD):    1.982ns
    Source Clock Delay      (SCD):    1.469ns
    Clock Pessimism Removal (CPR):    0.513ns

    Location             Delay type                Incr(ns)  Path(ns)    Netlist Resource(s)
  -------------------------------------------------------------------    -------------------
                         (clock sys_clk_pin rise edge)
                                                      0.000     0.000 r  
    W5                                                0.000     0.000 r  CLK (IN)
                         net (fo=0)                   0.000     0.000    CLK
    W5                   IBUF (Prop_ibuf_I_O)         0.226     0.226 r  CLK_IBUF_inst/O
                         net (fo=1, routed)           0.631     0.858    CLK_IBUF
    BUFGCTRL_X0Y0        BUFG (Prop_bufg_I_O)         0.026     0.884 r  CLK_IBUF_BUFG_inst/O
                         net (fo=41, routed)          0.586     1.469    saniye_1/CLK_IBUF_BUFG
    SLICE_X65Y20         FDRE                                         r  saniye_1/cnt_reg[16]/C
  -------------------------------------------------------------------    -------------------
    SLICE_X65Y20         FDRE (Prop_fdre_C_Q)         0.141     1.610 r  saniye_1/cnt_reg[16]/Q
                         net (fo=2, routed)           0.119     1.729    saniye_1/cnt_reg_n_0_[16]
    SLICE_X65Y20         CARRY4 (Prop_carry4_S[3]_O[3])
                                                      0.108     1.837 r  saniye_1/cnt_next0_carry__2/O[3]
                         net (fo=1, routed)           0.000     1.837    saniye_1/data0[16]
    SLICE_X65Y20         FDRE                                         r  saniye_1/cnt_reg[16]/D
  -------------------------------------------------------------------    -------------------

                         (clock sys_clk_pin rise edge)
                                                      0.000     0.000 r  
    W5                                                0.000     0.000 r  CLK (IN)
                         net (fo=0)                   0.000     0.000    CLK
    W5                   IBUF (Prop_ibuf_I_O)         0.414     0.414 r  CLK_IBUF_inst/O
                         net (fo=1, routed)           0.685     1.099    CLK_IBUF
    BUFGCTRL_X0Y0        BUFG (Prop_bufg_I_O)         0.029     1.128 r  CLK_IBUF_BUFG_inst/O
                         net (fo=41, routed)          0.855     1.982    saniye_1/CLK_IBUF_BUFG
    SLICE_X65Y20         FDRE                                         r  saniye_1/cnt_reg[16]/C
                         clock pessimism             -0.513     1.469    
    SLICE_X65Y20         FDRE (Hold_fdre_C_D)         0.105     1.574    saniye_1/cnt_reg[16]
  -------------------------------------------------------------------
                         required time                         -1.574    
                         arrival time                           1.837    
  -------------------------------------------------------------------
                         slack                                  0.263    

Slack (MET) :             0.264ns  (arrival time - required time)
  Source:                 saniye_1/cnt_reg[4]/C
                            (rising edge-triggered cell FDRE clocked by sys_clk_pin  {rise@0.000ns fall@5.000ns period=10.000ns})
  Destination:            saniye_1/cnt_reg[4]/D
                            (rising edge-triggered cell FDRE clocked by sys_clk_pin  {rise@0.000ns fall@5.000ns period=10.000ns})
  Path Group:             sys_clk_pin
  Path Type:              Hold (Min at Fast Process Corner)
  Requirement:            0.000ns  (sys_clk_pin rise@0.000ns - sys_clk_pin rise@0.000ns)
  Data Path Delay:        0.369ns  (logic 0.249ns (67.424%)  route 0.120ns (32.576%))
  Logic Levels:           1  (CARRY4=1)
  Clock Path Skew:        0.000ns (DCD - SCD - CPR)
    Destination Clock Delay (DCD):    1.985ns
    Source Clock Delay      (SCD):    1.472ns
    Clock Pessimism Removal (CPR):    0.513ns

    Location             Delay type                Incr(ns)  Path(ns)    Netlist Resource(s)
  -------------------------------------------------------------------    -------------------
                         (clock sys_clk_pin rise edge)
                                                      0.000     0.000 r  
    W5                                                0.000     0.000 r  CLK (IN)
                         net (fo=0)                   0.000     0.000    CLK
    W5                   IBUF (Prop_ibuf_I_O)         0.226     0.226 r  CLK_IBUF_inst/O
                         net (fo=1, routed)           0.631     0.858    CLK_IBUF
    BUFGCTRL_X0Y0        BUFG (Prop_bufg_I_O)         0.026     0.884 r  CLK_IBUF_BUFG_inst/O
                         net (fo=41, routed)          0.589     1.472    saniye_1/CLK_IBUF_BUFG
    SLICE_X65Y17         FDRE                                         r  saniye_1/cnt_reg[4]/C
  -------------------------------------------------------------------    -------------------
    SLICE_X65Y17         FDRE (Prop_fdre_C_Q)         0.141     1.613 r  saniye_1/cnt_reg[4]/Q
                         net (fo=2, routed)           0.120     1.733    saniye_1/cnt_reg_n_0_[4]
    SLICE_X65Y17         CARRY4 (Prop_carry4_S[3]_O[3])
                                                      0.108     1.841 r  saniye_1/cnt_next0_carry/O[3]
                         net (fo=1, routed)           0.000     1.841    saniye_1/data0[4]
    SLICE_X65Y17         FDRE                                         r  saniye_1/cnt_reg[4]/D
  -------------------------------------------------------------------    -------------------

                         (clock sys_clk_pin rise edge)
                                                      0.000     0.000 r  
    W5                                                0.000     0.000 r  CLK (IN)
                         net (fo=0)                   0.000     0.000    CLK
    W5                   IBUF (Prop_ibuf_I_O)         0.414     0.414 r  CLK_IBUF_inst/O
                         net (fo=1, routed)           0.685     1.099    CLK_IBUF
    BUFGCTRL_X0Y0        BUFG (Prop_bufg_I_O)         0.029     1.128 r  CLK_IBUF_BUFG_inst/O
                         net (fo=41, routed)          0.858     1.985    saniye_1/CLK_IBUF_BUFG
    SLICE_X65Y17         FDRE                                         r  saniye_1/cnt_reg[4]/C
                         clock pessimism             -0.513     1.472    
    SLICE_X65Y17         FDRE (Hold_fdre_C_D)         0.105     1.577    saniye_1/cnt_reg[4]
  -------------------------------------------------------------------
                         required time                         -1.577    
                         arrival time                           1.841    
  -------------------------------------------------------------------
                         slack                                  0.264    

Slack (MET) :             0.265ns  (arrival time - required time)
  Source:                 saniye_1/cnt_reg[5]/C
                            (rising edge-triggered cell FDRE clocked by sys_clk_pin  {rise@0.000ns fall@5.000ns period=10.000ns})
  Destination:            saniye_1/cnt_reg[5]/D
                            (rising edge-triggered cell FDRE clocked by sys_clk_pin  {rise@0.000ns fall@5.000ns period=10.000ns})
  Path Group:             sys_clk_pin
  Path Type:              Hold (Min at Fast Process Corner)
  Requirement:            0.000ns  (sys_clk_pin rise@0.000ns - sys_clk_pin rise@0.000ns)
  Data Path Delay:        0.370ns  (logic 0.256ns (69.181%)  route 0.114ns (30.819%))
  Logic Levels:           1  (CARRY4=1)
  Clock Path Skew:        0.000ns (DCD - SCD - CPR)
    Destination Clock Delay (DCD):    1.984ns
    Source Clock Delay      (SCD):    1.471ns
    Clock Pessimism Removal (CPR):    0.513ns

    Location             Delay type                Incr(ns)  Path(ns)    Netlist Resource(s)
  -------------------------------------------------------------------    -------------------
                         (clock sys_clk_pin rise edge)
                                                      0.000     0.000 r  
    W5                                                0.000     0.000 r  CLK (IN)
                         net (fo=0)                   0.000     0.000    CLK
    W5                   IBUF (Prop_ibuf_I_O)         0.226     0.226 r  CLK_IBUF_inst/O
                         net (fo=1, routed)           0.631     0.858    CLK_IBUF
    BUFGCTRL_X0Y0        BUFG (Prop_bufg_I_O)         0.026     0.884 r  CLK_IBUF_BUFG_inst/O
                         net (fo=41, routed)          0.588     1.471    saniye_1/CLK_IBUF_BUFG
    SLICE_X65Y18         FDRE                                         r  saniye_1/cnt_reg[5]/C
  -------------------------------------------------------------------    -------------------
    SLICE_X65Y18         FDRE (Prop_fdre_C_Q)         0.141     1.612 r  saniye_1/cnt_reg[5]/Q
                         net (fo=2, routed)           0.114     1.726    saniye_1/cnt_reg_n_0_[5]
    SLICE_X65Y18         CARRY4 (Prop_carry4_S[0]_O[0])
                                                      0.115     1.841 r  saniye_1/cnt_next0_carry__0/O[0]
                         net (fo=1, routed)           0.000     1.841    saniye_1/data0[5]
    SLICE_X65Y18         FDRE                                         r  saniye_1/cnt_reg[5]/D
  -------------------------------------------------------------------    -------------------

                         (clock sys_clk_pin rise edge)
                                                      0.000     0.000 r  
    W5                                                0.000     0.000 r  CLK (IN)
                         net (fo=0)                   0.000     0.000    CLK
    W5                   IBUF (Prop_ibuf_I_O)         0.414     0.414 r  CLK_IBUF_inst/O
                         net (fo=1, routed)           0.685     1.099    CLK_IBUF
    BUFGCTRL_X0Y0        BUFG (Prop_bufg_I_O)         0.029     1.128 r  CLK_IBUF_BUFG_inst/O
                         net (fo=41, routed)          0.857     1.984    saniye_1/CLK_IBUF_BUFG
    SLICE_X65Y18         FDRE                                         r  saniye_1/cnt_reg[5]/C
                         clock pessimism             -0.513     1.471    
    SLICE_X65Y18         FDRE (Hold_fdre_C_D)         0.105     1.576    saniye_1/cnt_reg[5]
  -------------------------------------------------------------------
                         required time                         -1.576    
                         arrival time                           1.841    
  -------------------------------------------------------------------
                         slack                                  0.265    

Slack (MET) :             0.267ns  (arrival time - required time)
  Source:                 saniye_1/cnt_reg[19]/C
                            (rising edge-triggered cell FDRE clocked by sys_clk_pin  {rise@0.000ns fall@5.000ns period=10.000ns})
  Destination:            saniye_1/cnt_reg[19]/D
                            (rising edge-triggered cell FDRE clocked by sys_clk_pin  {rise@0.000ns fall@5.000ns period=10.000ns})
  Path Group:             sys_clk_pin
  Path Type:              Hold (Min at Fast Process Corner)
  Requirement:            0.000ns  (sys_clk_pin rise@0.000ns - sys_clk_pin rise@0.000ns)
  Data Path Delay:        0.372ns  (logic 0.252ns (67.654%)  route 0.120ns (32.346%))
  Logic Levels:           1  (CARRY4=1)
  Clock Path Skew:        0.000ns (DCD - SCD - CPR)
    Destination Clock Delay (DCD):    1.981ns
    Source Clock Delay      (SCD):    1.468ns
    Clock Pessimism Removal (CPR):    0.513ns

    Location             Delay type                Incr(ns)  Path(ns)    Netlist Resource(s)
  -------------------------------------------------------------------    -------------------
                         (clock sys_clk_pin rise edge)
                                                      0.000     0.000 r  
    W5                                                0.000     0.000 r  CLK (IN)
                         net (fo=0)                   0.000     0.000    CLK
    W5                   IBUF (Prop_ibuf_I_O)         0.226     0.226 r  CLK_IBUF_inst/O
                         net (fo=1, routed)           0.631     0.858    CLK_IBUF
    BUFGCTRL_X0Y0        BUFG (Prop_bufg_I_O)         0.026     0.884 r  CLK_IBUF_BUFG_inst/O
                         net (fo=41, routed)          0.585     1.468    saniye_1/CLK_IBUF_BUFG
    SLICE_X65Y21         FDRE                                         r  saniye_1/cnt_reg[19]/C
  -------------------------------------------------------------------    -------------------
    SLICE_X65Y21         FDRE (Prop_fdre_C_Q)         0.141     1.609 r  saniye_1/cnt_reg[19]/Q
                         net (fo=2, routed)           0.120     1.730    saniye_1/cnt_reg_n_0_[19]
    SLICE_X65Y21         CARRY4 (Prop_carry4_S[2]_O[2])
                                                      0.111     1.841 r  saniye_1/cnt_next0_carry__3/O[2]
                         net (fo=1, routed)           0.000     1.841    saniye_1/data0[19]
    SLICE_X65Y21         FDRE                                         r  saniye_1/cnt_reg[19]/D
  -------------------------------------------------------------------    -------------------

                         (clock sys_clk_pin rise edge)
                                                      0.000     0.000 r  
    W5                                                0.000     0.000 r  CLK (IN)
                         net (fo=0)                   0.000     0.000    CLK
    W5                   IBUF (Prop_ibuf_I_O)         0.414     0.414 r  CLK_IBUF_inst/O
                         net (fo=1, routed)           0.685     1.099    CLK_IBUF
    BUFGCTRL_X0Y0        BUFG (Prop_bufg_I_O)         0.029     1.128 r  CLK_IBUF_BUFG_inst/O
                         net (fo=41, routed)          0.854     1.981    saniye_1/CLK_IBUF_BUFG
    SLICE_X65Y21         FDRE                                         r  saniye_1/cnt_reg[19]/C
                         clock pessimism             -0.513     1.468    
    SLICE_X65Y21         FDRE (Hold_fdre_C_D)         0.105     1.573    saniye_1/cnt_reg[19]
  -------------------------------------------------------------------
                         required time                         -1.573    
                         arrival time                           1.841    
  -------------------------------------------------------------------
                         slack                                  0.267    

Slack (MET) :             0.267ns  (arrival time - required time)
  Source:                 saniye_1/cnt_reg[23]/C
                            (rising edge-triggered cell FDRE clocked by sys_clk_pin  {rise@0.000ns fall@5.000ns period=10.000ns})
  Destination:            saniye_1/cnt_reg[23]/D
                            (rising edge-triggered cell FDRE clocked by sys_clk_pin  {rise@0.000ns fall@5.000ns period=10.000ns})
  Path Group:             sys_clk_pin
  Path Type:              Hold (Min at Fast Process Corner)
  Requirement:            0.000ns  (sys_clk_pin rise@0.000ns - sys_clk_pin rise@0.000ns)
  Data Path Delay:        0.372ns  (logic 0.252ns (67.654%)  route 0.120ns (32.346%))
  Logic Levels:           1  (CARRY4=1)
  Clock Path Skew:        0.000ns (DCD - SCD - CPR)
    Destination Clock Delay (DCD):    1.980ns
    Source Clock Delay      (SCD):    1.468ns
    Clock Pessimism Removal (CPR):    0.512ns

    Location             Delay type                Incr(ns)  Path(ns)    Netlist Resource(s)
  -------------------------------------------------------------------    -------------------
                         (clock sys_clk_pin rise edge)
                                                      0.000     0.000 r  
    W5                                                0.000     0.000 r  CLK (IN)
                         net (fo=0)                   0.000     0.000    CLK
    W5                   IBUF (Prop_ibuf_I_O)         0.226     0.226 r  CLK_IBUF_inst/O
                         net (fo=1, routed)           0.631     0.858    CLK_IBUF
    BUFGCTRL_X0Y0        BUFG (Prop_bufg_I_O)         0.026     0.884 r  CLK_IBUF_BUFG_inst/O
                         net (fo=41, routed)          0.585     1.468    saniye_1/CLK_IBUF_BUFG
    SLICE_X65Y22         FDRE                                         r  saniye_1/cnt_reg[23]/C
  -------------------------------------------------------------------    -------------------
    SLICE_X65Y22         FDRE (Prop_fdre_C_Q)         0.141     1.609 r  saniye_1/cnt_reg[23]/Q
                         net (fo=2, routed)           0.120     1.730    saniye_1/cnt_reg_n_0_[23]
    SLICE_X65Y22         CARRY4 (Prop_carry4_S[2]_O[2])
                                                      0.111     1.841 r  saniye_1/cnt_next0_carry__4/O[2]
                         net (fo=1, routed)           0.000     1.841    saniye_1/data0[23]
    SLICE_X65Y22         FDRE                                         r  saniye_1/cnt_reg[23]/D
  -------------------------------------------------------------------    -------------------

                         (clock sys_clk_pin rise edge)
                                                      0.000     0.000 r  
    W5                                                0.000     0.000 r  CLK (IN)
                         net (fo=0)                   0.000     0.000    CLK
    W5                   IBUF (Prop_ibuf_I_O)         0.414     0.414 r  CLK_IBUF_inst/O
                         net (fo=1, routed)           0.685     1.099    CLK_IBUF
    BUFGCTRL_X0Y0        BUFG (Prop_bufg_I_O)         0.029     1.128 r  CLK_IBUF_BUFG_inst/O
                         net (fo=41, routed)          0.853     1.980    saniye_1/CLK_IBUF_BUFG
    SLICE_X65Y22         FDRE                                         r  saniye_1/cnt_reg[23]/C
                         clock pessimism             -0.512     1.468    
    SLICE_X65Y22         FDRE (Hold_fdre_C_D)         0.105     1.573    saniye_1/cnt_reg[23]
  -------------------------------------------------------------------
                         required time                         -1.573    
                         arrival time                           1.841    
  -------------------------------------------------------------------
                         slack                                  0.267    

Slack (MET) :             0.267ns  (arrival time - required time)
  Source:                 saniye_1/cnt_reg[27]/C
                            (rising edge-triggered cell FDRE clocked by sys_clk_pin  {rise@0.000ns fall@5.000ns period=10.000ns})
  Destination:            saniye_1/cnt_reg[27]/D
                            (rising edge-triggered cell FDRE clocked by sys_clk_pin  {rise@0.000ns fall@5.000ns period=10.000ns})
  Path Group:             sys_clk_pin
  Path Type:              Hold (Min at Fast Process Corner)
  Requirement:            0.000ns  (sys_clk_pin rise@0.000ns - sys_clk_pin rise@0.000ns)
  Data Path Delay:        0.372ns  (logic 0.252ns (67.654%)  route 0.120ns (32.346%))
  Logic Levels:           1  (CARRY4=1)
  Clock Path Skew:        0.000ns (DCD - SCD - CPR)
    Destination Clock Delay (DCD):    1.978ns
    Source Clock Delay      (SCD):    1.466ns
    Clock Pessimism Removal (CPR):    0.512ns

    Location             Delay type                Incr(ns)  Path(ns)    Netlist Resource(s)
  -------------------------------------------------------------------    -------------------
                         (clock sys_clk_pin rise edge)
                                                      0.000     0.000 r  
    W5                                                0.000     0.000 r  CLK (IN)
                         net (fo=0)                   0.000     0.000    CLK
    W5                   IBUF (Prop_ibuf_I_O)         0.226     0.226 r  CLK_IBUF_inst/O
                         net (fo=1, routed)           0.631     0.858    CLK_IBUF
    BUFGCTRL_X0Y0        BUFG (Prop_bufg_I_O)         0.026     0.884 r  CLK_IBUF_BUFG_inst/O
                         net (fo=41, routed)          0.583     1.466    saniye_1/CLK_IBUF_BUFG
    SLICE_X65Y23         FDRE                                         r  saniye_1/cnt_reg[27]/C
  -------------------------------------------------------------------    -------------------
    SLICE_X65Y23         FDRE (Prop_fdre_C_Q)         0.141     1.607 r  saniye_1/cnt_reg[27]/Q
                         net (fo=2, routed)           0.120     1.728    saniye_1/cnt_reg_n_0_[27]
    SLICE_X65Y23         CARRY4 (Prop_carry4_S[2]_O[2])
                                                      0.111     1.839 r  saniye_1/cnt_next0_carry__5/O[2]
                         net (fo=1, routed)           0.000     1.839    saniye_1/data0[27]
    SLICE_X65Y23         FDRE                                         r  saniye_1/cnt_reg[27]/D
  -------------------------------------------------------------------    -------------------

                         (clock sys_clk_pin rise edge)
                                                      0.000     0.000 r  
    W5                                                0.000     0.000 r  CLK (IN)
                         net (fo=0)                   0.000     0.000    CLK
    W5                   IBUF (Prop_ibuf_I_O)         0.414     0.414 r  CLK_IBUF_inst/O
                         net (fo=1, routed)           0.685     1.099    CLK_IBUF
    BUFGCTRL_X0Y0        BUFG (Prop_bufg_I_O)         0.029     1.128 r  CLK_IBUF_BUFG_inst/O
                         net (fo=41, routed)          0.851     1.978    saniye_1/CLK_IBUF_BUFG
    SLICE_X65Y23         FDRE                                         r  saniye_1/cnt_reg[27]/C
                         clock pessimism             -0.512     1.466    
    SLICE_X65Y23         FDRE (Hold_fdre_C_D)         0.105     1.571    saniye_1/cnt_reg[27]
  -------------------------------------------------------------------
                         required time                         -1.571    
                         arrival time                           1.839    
  -------------------------------------------------------------------
                         slack                                  0.267    





Pulse Width Checks
--------------------------------------------------------------------------------------
Clock Name:         sys_clk_pin
Waveform(ns):       { 0.000 5.000 }
Period(ns):         10.000
Sources:            { CLK }

Check Type        Corner  Lib Pin  Reference Pin  Required(ns)  Actual(ns)  Slack(ns)  Location       Pin
Min Period        n/a     BUFG/I   n/a            2.155         10.000      7.845      BUFGCTRL_X0Y0  CLK_IBUF_BUFG_inst/I
Min Period        n/a     FDRE/C   n/a            1.000         10.000      9.000      SLICE_X64Y19   cnt_reg[0]/C
Min Period        n/a     FDRE/C   n/a            1.000         10.000      9.000      SLICE_X64Y19   cnt_reg[1]/C
Min Period        n/a     FDRE/C   n/a            1.000         10.000      9.000      SLICE_X64Y18   saniye_1/cnt_reg[0]/C
Min Period        n/a     FDRE/C   n/a            1.000         10.000      9.000      SLICE_X65Y19   saniye_1/cnt_reg[10]/C
Min Period        n/a     FDRE/C   n/a            1.000         10.000      9.000      SLICE_X65Y19   saniye_1/cnt_reg[11]/C
Min Period        n/a     FDRE/C   n/a            1.000         10.000      9.000      SLICE_X65Y19   saniye_1/cnt_reg[12]/C
Min Period        n/a     FDRE/C   n/a            1.000         10.000      9.000      SLICE_X65Y20   saniye_1/cnt_reg[13]/C
Min Period        n/a     FDRE/C   n/a            1.000         10.000      9.000      SLICE_X65Y20   saniye_1/cnt_reg[14]/C
Min Period        n/a     FDRE/C   n/a            1.000         10.000      9.000      SLICE_X65Y20   saniye_1/cnt_reg[15]/C
Low Pulse Width   Slow    FDRE/C   n/a            0.500         5.000       4.500      SLICE_X64Y19   cnt_reg[0]/C
Low Pulse Width   Slow    FDRE/C   n/a            0.500         5.000       4.500      SLICE_X64Y19   cnt_reg[1]/C
Low Pulse Width   Slow    FDRE/C   n/a            0.500         5.000       4.500      SLICE_X64Y18   saniye_1/cnt_reg[0]/C
Low Pulse Width   Slow    FDRE/C   n/a            0.500         5.000       4.500      SLICE_X65Y19   saniye_1/cnt_reg[10]/C
Low Pulse Width   Slow    FDRE/C   n/a            0.500         5.000       4.500      SLICE_X65Y19   saniye_1/cnt_reg[11]/C
Low Pulse Width   Slow    FDRE/C   n/a            0.500         5.000       4.500      SLICE_X65Y19   saniye_1/cnt_reg[12]/C
Low Pulse Width   Slow    FDRE/C   n/a            0.500         5.000       4.500      SLICE_X65Y20   saniye_1/cnt_reg[13]/C
Low Pulse Width   Slow    FDRE/C   n/a            0.500         5.000       4.500      SLICE_X65Y20   saniye_1/cnt_reg[14]/C
Low Pulse Width   Slow    FDRE/C   n/a            0.500         5.000       4.500      SLICE_X65Y20   saniye_1/cnt_reg[15]/C
Low Pulse Width   Slow    FDRE/C   n/a            0.500         5.000       4.500      SLICE_X65Y20   saniye_1/cnt_reg[16]/C
High Pulse Width  Slow    FDRE/C   n/a            0.500         5.000       4.500      SLICE_X65Y17   saniye_1/cnt_reg[1]/C
High Pulse Width  Slow    FDRE/C   n/a            0.500         5.000       4.500      SLICE_X65Y22   saniye_1/cnt_reg[21]/C
High Pulse Width  Slow    FDRE/C   n/a            0.500         5.000       4.500      SLICE_X65Y22   saniye_1/cnt_reg[22]/C
High Pulse Width  Slow    FDRE/C   n/a            0.500         5.000       4.500      SLICE_X65Y22   saniye_1/cnt_reg[23]/C
High Pulse Width  Slow    FDRE/C   n/a            0.500         5.000       4.500      SLICE_X65Y22   saniye_1/cnt_reg[24]/C
High Pulse Width  Slow    FDRE/C   n/a            0.500         5.000       4.500      SLICE_X65Y23   saniye_1/cnt_reg[25]/C
High Pulse Width  Slow    FDRE/C   n/a            0.500         5.000       4.500      SLICE_X65Y23   saniye_1/cnt_reg[26]/C
High Pulse Width  Slow    FDRE/C   n/a            0.500         5.000       4.500      SLICE_X65Y23   saniye_1/cnt_reg[27]/C
High Pulse Width  Slow    FDRE/C   n/a            0.500         5.000       4.500      SLICE_X65Y23   saniye_1/cnt_reg[28]/C
High Pulse Width  Slow    FDRE/C   n/a            0.500         5.000       4.500      SLICE_X65Y24   saniye_1/cnt_reg[29]/C



